<?xml version="1.0" encoding="UTF-8"?>
<!-- Generated by org.testng.reporters.JUnitReportReporter -->
<testsuite hostname="Asuszenbook-14" failures="0" tests="7" name="runners.TestRunner" time="53.398" errors="0" timestamp="2025-07-24T01:20:10 IST" skipped="0">
  <testcase classname="runners.TestRunner" name="runScenario" time="7.081"/>
  <testcase classname="runners.TestRunner" name="runScenario" time="7.015"/>
  <testcase classname="runners.TestRunner" name="runScenario" time="6.956"/>
  <testcase classname="runners.TestRunner" name="runScenario" time="6.988"/>
  <testcase classname="runners.TestRunner" name="runScenario" time="6.932"/>
  <testcase classname="runners.TestRunner" name="runScenario" time="11.491"/>
  <testcase classname="runners.TestRunner" name="runScenario" time="6.935"/>
</testsuite> <!-- runners.TestRunner -->
