<?xml version="1.0" encoding="UTF-8"?>
<!-- Generated by org.testng.reporters.JUnitReportReporter -->
<testsuite hostname="Asuszenbook-14" failures="4" tests="7" name="runners.TestRunner" time="67.509" errors="0" timestamp="2025-07-25T13:40:18 IST" skipped="0">
  <testcase classname="runners.TestRunner" name="runScenario" time="9.049"/>
  <testcase classname="runners.TestRunner" name="runScenario" time="9.455">
    <failure message="Expected message to start with: &#039;No special characters allowed&#039;, but got: &#039;Registration was successful. The roll number generated is 5513.&#039; expected [true] but found [false]" type="java.lang.AssertionError">
      <![CDATA[java.lang.AssertionError: Expected message to start with: 'No special characters allowed', but got: 'Registration was successful. The roll number generated is 5513.' expected [true] but found [false]
at org.testng.Assert.fail(Assert.java:111)
at org.testng.Assert.failNotEquals(Assert.java:1578)
at org.testng.Assert.assertTrue(Assert.java:57)
at stepdefinitions.RegistrationSteps.validate_dynamic_result(RegistrationSteps.java:97)
at ✽.the result should be "No special characters allowed"(file:///C:/Users/Asus/OneDrive/Desktop/Cogni/sprint2/src/test/resources/features/registration.feature:34)
]]>
    </failure>
  </testcase> <!-- runScenario -->
  <testcase classname="runners.TestRunner" name="runScenario" time="9.176">
    <failure message="Expected message to start with: &#039;Maximum 30 characters allowed&#039;, but got: &#039;Registration was successful. The roll number generated is 5514.&#039; expected [true] but found [false]" type="java.lang.AssertionError">
      <![CDATA[java.lang.AssertionError: Expected message to start with: 'Maximum 30 characters allowed', but got: 'Registration was successful. The roll number generated is 5514.' expected [true] but found [false]
at org.testng.Assert.fail(Assert.java:111)
at org.testng.Assert.failNotEquals(Assert.java:1578)
at org.testng.Assert.assertTrue(Assert.java:57)
at stepdefinitions.RegistrationSteps.validate_dynamic_result(RegistrationSteps.java:97)
at ✽.the result should be "Maximum 30 characters allowed"(file:///C:/Users/Asus/OneDrive/Desktop/Cogni/sprint2/src/test/resources/features/registration.feature:40)
]]>
    </failure>
  </testcase> <!-- runScenario -->
  <testcase classname="runners.TestRunner" name="runScenario" time="9.130">
    <failure message="Expected message to start with: &#039;No numbers allowed in student name&#039;, but got: &#039;Registration was successful. The roll number generated is 5512.&#039; expected [true] but found [false]" type="java.lang.AssertionError">
      <![CDATA[java.lang.AssertionError: Expected message to start with: 'No numbers allowed in student name', but got: 'Registration was successful. The roll number generated is 5512.' expected [true] but found [false]
at org.testng.Assert.fail(Assert.java:111)
at org.testng.Assert.failNotEquals(Assert.java:1578)
at org.testng.Assert.assertTrue(Assert.java:57)
at stepdefinitions.RegistrationSteps.validate_dynamic_result(RegistrationSteps.java:97)
at ✽.the result should be "No numbers allowed in student name"(file:///C:/Users/Asus/OneDrive/Desktop/Cogni/sprint2/src/test/resources/features/registration.feature:28)
]]>
    </failure>
  </testcase> <!-- runScenario -->
  <testcase classname="runners.TestRunner" name="runScenario" time="10.819"/>
  <testcase classname="runners.TestRunner" name="runScenario" time="8.825"/>
  <testcase classname="runners.TestRunner" name="runScenario" time="11.055">
    <failure message="Expected message to start with: &#039;Minimum 2 characters required&#039;, but got: &#039;Registration was successful. The roll number generated is 5510.&#039; expected [true] but found [false]" type="java.lang.AssertionError">
      <![CDATA[java.lang.AssertionError: Expected message to start with: 'Minimum 2 characters required', but got: 'Registration was successful. The roll number generated is 5510.' expected [true] but found [false]
at org.testng.Assert.fail(Assert.java:111)
at org.testng.Assert.failNotEquals(Assert.java:1578)
at org.testng.Assert.assertTrue(Assert.java:57)
at stepdefinitions.RegistrationSteps.validate_dynamic_result(RegistrationSteps.java:97)
at ✽.the result should be "Minimum 2 characters required"(file:///C:/Users/Asus/OneDrive/Desktop/Cogni/sprint2/src/test/resources/features/registration.feature:16)
]]>
    </failure>
  </testcase> <!-- runScenario -->
</testsuite> <!-- runners.TestRunner -->
